<?xml version="1.0" encoding="UTF-8"?>
<!-- Generated by org.testng.reporters.JUnitXMLReporter -->
<testsuite ignored="0" hostname="DESKTOP-MQ07EBQ" failures="0" tests="6" name="Default test" time="7.75" errors="0" timestamp="2024-04-16T13:50:16 MDT">
  <testcase classname="api_tests.Items_management_api" name="login_test" time="3.292"/>
  <testcase classname="api_tests.Items_management_api" name="create_item" time="1.036"/>
  <testcase classname="api_tests.Items_management_api" name="list_all_items" time="1.785"/>
  <testcase classname="api_tests.Items_management_api" name="get_item" time="0.657"/>
  <testcase classname="api_tests.Items_management_api" name="update_item" time="0.477"/>
  <testcase classname="api_tests.Items_management_api" name="delete_item" time="0.363"/>
</testsuite> <!-- Default test -->
