<?xml version="1.0" encoding="UTF-8"?>
<!-- Generated by org.testng.reporters.JUnitXMLReporter -->
<testsuite ignored="0" hostname="DESKTOP-MQ07EBQ" failures="0" tests="8" name="Crater Regression Test" time="5.986" errors="0" timestamp="2024-04-07T13:30:07 MDT">
  <testcase classname="api_tests.TestNGDemo" name="demoTest" time="0.007"/>
  <testcase classname="api_tests.TestNGDemo" name="anotherTest" time="0.001"/>
  <testcase classname="api_tests.Items_management_api" name="login_test" time="3.398"/>
  <testcase classname="api_tests.Items_management_api" name="create_item" time="1.065"/>
  <testcase classname="api_tests.Items_management_api" name="list_all_items" time="1.593"/>
  <testcase classname="api_tests.Items_management_api" name="get_item" time="0.631"/>
  <testcase classname="api_tests.Items_management_api" name="update_item" time="0.45"/>
  <testcase classname="api_tests.Items_management_api" name="delete_item" time="0.326"/>
</testsuite> <!-- Crater Regression Test -->
